Determining if the pthread_create exist failed with the following output:
Change Dir: /home/hazyparker/project/Multi_UAVs_Collaborative_SLAM/6_Map_Merging/src/CMakeFiles/CMakeTmp

Run Build Command:"/usr/bin/make" "cmTC_f7ad8/fast"
/usr/bin/make -f CMakeFiles/cmTC_f7ad8.dir/build.make CMakeFiles/cmTC_f7ad8.dir/build
make[1]: 进入目录“/home/hazyparker/project/Multi_UAVs_Collaborative_SLAM/6_Map_Merging/src/CMakeFiles/CMakeTmp”
Building C object CMakeFiles/cmTC_f7ad8.dir/CheckSymbolExists.c.o
/usr/bin/cc    -o CMakeFiles/cmTC_f7ad8.dir/CheckSymbolExists.c.o   -c /home/hazyparker/project/Multi_UAVs_Collaborative_SLAM/6_Map_Merging/src/CMakeFiles/CMakeTmp/CheckSymbolExists.c
Linking C executable cmTC_f7ad8
/usr/bin/cmake -E cmake_link_script CMakeFiles/cmTC_f7ad8.dir/link.txt --verbose=1
/usr/bin/cc      CMakeFiles/cmTC_f7ad8.dir/CheckSymbolExists.c.o  -o cmTC_f7ad8 
CMakeFiles/cmTC_f7ad8.dir/CheckSymbolExists.c.o：在函数‘main’中：
CheckSymbolExists.c:(.text+0x1b)：对‘pthread_create’未定义的引用
collect2: error: ld returned 1 exit status
CMakeFiles/cmTC_f7ad8.dir/build.make:97: recipe for target 'cmTC_f7ad8' failed
make[1]: *** [cmTC_f7ad8] Error 1
make[1]: 离开目录“/home/hazyparker/project/Multi_UAVs_Collaborative_SLAM/6_Map_Merging/src/CMakeFiles/CMakeTmp”
Makefile:126: recipe for target 'cmTC_f7ad8/fast' failed
make: *** [cmTC_f7ad8/fast] Error 2

File /home/hazyparker/project/Multi_UAVs_Collaborative_SLAM/6_Map_Merging/src/CMakeFiles/CMakeTmp/CheckSymbolExists.c:
/* */
#include <pthread.h>

int main(int argc, char** argv)
{
  (void)argv;
#ifndef pthread_create
  return ((int*)(&pthread_create))[argc];
#else
  (void)argc;
  return 0;
#endif
}

Determining if the function pthread_create exists in the pthreads failed with the following output:
Change Dir: /home/hazyparker/project/Multi_UAVs_Collaborative_SLAM/6_Map_Merging/src/CMakeFiles/CMakeTmp

Run Build Command:"/usr/bin/make" "cmTC_95ca1/fast"
/usr/bin/make -f CMakeFiles/cmTC_95ca1.dir/build.make CMakeFiles/cmTC_95ca1.dir/build
make[1]: 进入目录“/home/hazyparker/project/Multi_UAVs_Collaborative_SLAM/6_Map_Merging/src/CMakeFiles/CMakeTmp”
Building C object CMakeFiles/cmTC_95ca1.dir/CheckFunctionExists.c.o
/usr/bin/cc   -DCHECK_FUNCTION_EXISTS=pthread_create   -o CMakeFiles/cmTC_95ca1.dir/CheckFunctionExists.c.o   -c /usr/share/cmake-3.10/Modules/CheckFunctionExists.c
Linking C executable cmTC_95ca1
/usr/bin/cmake -E cmake_link_script CMakeFiles/cmTC_95ca1.dir/link.txt --verbose=1
/usr/bin/cc  -DCHECK_FUNCTION_EXISTS=pthread_create    CMakeFiles/cmTC_95ca1.dir/CheckFunctionExists.c.o  -o cmTC_95ca1 -lpthreads 
/usr/bin/ld: 找不到 -lpthreads
collect2: error: ld returned 1 exit status
CMakeFiles/cmTC_95ca1.dir/build.make:97: recipe for target 'cmTC_95ca1' failed
make[1]: *** [cmTC_95ca1] Error 1
make[1]: 离开目录“/home/hazyparker/project/Multi_UAVs_Collaborative_SLAM/6_Map_Merging/src/CMakeFiles/CMakeTmp”
Makefile:126: recipe for target 'cmTC_95ca1/fast' failed
make: *** [cmTC_95ca1/fast] Error 2


